INFO [2017-08-10 08:48:07] [[1]]
INFO [2017-08-10 08:48:07] list(A = list1, B = list2)
INFO [2017-08-10 08:48:07] 
INFO [2017-08-10 08:48:07] $cex
INFO [2017-08-10 08:48:07] input$cex
INFO [2017-08-10 08:48:07] 
INFO [2017-08-10 08:48:07] $fill
INFO [2017-08-10 08:48:07] 2:3
INFO [2017-08-10 08:48:07] 
INFO [2017-08-10 08:48:07] $filename
INFO [2017-08-10 08:48:07] NULL
INFO [2017-08-10 08:48:07] 
INFO [2017-08-10 08:48:07] $alpha
INFO [2017-08-10 08:48:07] input$alpha
INFO [2017-08-10 08:48:07] 
INFO [2017-08-10 08:48:07] $lty
INFO [2017-08-10 08:48:07] input$lty
INFO [2017-08-10 08:48:07] 
INFO [2017-08-10 08:48:07] $lwd
INFO [2017-08-10 08:48:07] input$lwd
INFO [2017-08-10 08:48:07] 
