INFO [2017-08-10 08:48:16] [[1]]
INFO [2017-08-10 08:48:16] list(A = list1, B = list2, C = list3)
INFO [2017-08-10 08:48:16] 
INFO [2017-08-10 08:48:16] [[2]]
INFO [2017-08-10 08:48:16] 
INFO [2017-08-10 08:48:16] 
INFO [2017-08-10 08:48:16] $cex
INFO [2017-08-10 08:48:16] input$cex
INFO [2017-08-10 08:48:16] 
INFO [2017-08-10 08:48:16] $fill
INFO [2017-08-10 08:48:16] 2:4
INFO [2017-08-10 08:48:16] 
INFO [2017-08-10 08:48:16] $filename
INFO [2017-08-10 08:48:16] NULL
INFO [2017-08-10 08:48:16] 
INFO [2017-08-10 08:48:16] $alpha
INFO [2017-08-10 08:48:16] input$alpha
INFO [2017-08-10 08:48:16] 
INFO [2017-08-10 08:48:16] $lty
INFO [2017-08-10 08:48:16] input$lty
INFO [2017-08-10 08:48:16] 
INFO [2017-08-10 08:48:16] $lwd
INFO [2017-08-10 08:48:16] input$lwd
INFO [2017-08-10 08:48:16] 
