INFO [2017-08-10 08:48:17] [[1]]
INFO [2017-08-10 08:48:17] list(A = list1, B = list2, C = list3)
INFO [2017-08-10 08:48:17] 
INFO [2017-08-10 08:48:17] [[2]]
INFO [2017-08-10 08:48:17] 
INFO [2017-08-10 08:48:17] 
INFO [2017-08-10 08:48:17] $cex
INFO [2017-08-10 08:48:17] input$cex
INFO [2017-08-10 08:48:17] 
INFO [2017-08-10 08:48:17] $fill
INFO [2017-08-10 08:48:17] 2:4
INFO [2017-08-10 08:48:17] 
INFO [2017-08-10 08:48:17] $filename
INFO [2017-08-10 08:48:17] NULL
INFO [2017-08-10 08:48:17] 
INFO [2017-08-10 08:48:17] $alpha
INFO [2017-08-10 08:48:17] input$alpha
INFO [2017-08-10 08:48:17] 
INFO [2017-08-10 08:48:17] $lty
INFO [2017-08-10 08:48:17] input$lty
INFO [2017-08-10 08:48:17] 
INFO [2017-08-10 08:48:17] $lwd
INFO [2017-08-10 08:48:17] input$lwd
INFO [2017-08-10 08:48:17] 
